CHARMM General Force Field (CGenFF) program version 4.0
released June 2024
Copyright (C) 2020 SilcBio LLC
and University of Maryland, School of Pharmacy. All Rights Reserved.

Licensed to:
cgenff server
serverncgenff

License expires: Tue Dec 31 00:00:00 2030

readpar debug: read 683 bonds, 2501 angles, 7460 dihedrals, 203 impropers
               and 375437 characters worth of comments.
readmol2 warning: renaming non-unique atom C to C1 .
readmol2 warning: renaming non-unique atom C to C2 .
readmol2 warning: renaming non-unique atom C to C3 .
readmol2 warning: renaming non-unique atom C to C4 .
readmol2 warning: renaming non-unique atom C to C5 .
readmol2 warning: renaming non-unique atom C to C6 .
readmol2 warning: renaming non-unique atom C to C7 .
readmol2 warning: renaming non-unique atom C to C8 .
readmol2 warning: renaming non-unique atom C to C9 .
readmol2 warning: renaming non-unique atom C to C10 .
readmol2 warning: renaming non-unique atom C to C11 .
readmol2 warning: renaming non-unique atom C to C12 .
readmol2 warning: renaming non-unique atom C to C13 .
readmol2 warning: renaming non-unique atom C to C14 .
readmol2 warning: renaming non-unique atom C to C15 .
readmol2 warning: renaming non-unique atom C to C16 .
readmol2 warning: renaming non-unique atom C to C17 .
readmol2 warning: renaming non-unique atom C to C18 .
readmol2 warning: renaming non-unique atom C to C19 .
readmol2 warning: renaming non-unique atom C to C20 .
readmol2 warning: renaming non-unique atom H to H1 .
readmol2 warning: renaming non-unique atom H to H2 .
readmol2 warning: renaming non-unique atom N to N1 .
readmol2 warning: renaming non-unique atom N to N2 .
readmol2 warning: renaming non-unique atom N to N3 .
readmol2 warning: renaming non-unique atom N to N4 .
readmol2 warning: renaming non-unique atom O to O1 .
readmol2 warning: renaming non-unique atom O to O2 .
readmol2 warning: renaming non-unique atom O to O3 .
Now processing molecule TOP6 ...
ringper debug: stored 6-membered ring in stage 2.
ringper debug: stored 6-membered ring in stage 2.
ringper debug: stored 6-membered ring in stage 2.
ringper debug: stored 6-membered ring in stage 2.
ringper debug: added anchor for 6-membered ring in stage 2.
ringper debug: added anchor for 6-membered ring in stage 2.
ringper debug: added anchor for 6-membered ring in stage 2.
ringper debug: added anchor for 6-membered ring in stage 2.
ringper debug: stored 6-membered ring in stage 2.
ringper debug: added anchor for 6-membered ring in stage 2.
ringper debug: added anchor for 6-membered ring in stage 2.
ringper debug: added anchor for 6-membered ring in stage 2.
ringper debug: added anchor for 6-membered ring in stage 2.
ringper debug: added anchor for 6-membered ring in stage 2.
ringper debug: added anchor for 6-membered ring in stage 2.
ringper debug: stored 5-membered ring in stage 2.
ringper debug: added anchor for 6-membered ring in stage 2.
ringper debug: stored 6-membered ring in stage 2.
ringper debug: added anchor for 5-membered ring in stage 2.
ringper debug: added anchor for 6-membered ring in stage 2.
ringper debug: added anchor for 5-membered ring in stage 2.
resonance warning: unfulfilled valence in aromatic subgraph; skipped molecule
