CHARMM General Force Field (CGenFF) program version 4.0
released June 2024
Copyright (C) 2020 SilcBio LLC
and University of Maryland, School of Pharmacy. All Rights Reserved.

Licensed to:
cgenff server
serverncgenff

License expires: Tue Dec 31 00:00:00 2030

readpar debug: read 683 bonds, 2501 angles, 7460 dihedrals, 203 impropers
               and 375437 characters worth of comments.
readmol2 warning: renaming non-unique atom C to C1 .
readmol2 warning: renaming non-unique atom C to C2 .
readmol2 warning: renaming non-unique atom C to C3 .
readmol2 warning: renaming non-unique atom C to C4 .
readmol2 warning: renaming non-unique atom C to C5 .
readmol2 warning: renaming non-unique atom C to C6 .
readmol2 warning: renaming non-unique atom C to C7 .
readmol2 warning: renaming non-unique atom C to C8 .
readmol2 warning: renaming non-unique atom C to C9 .
readmol2 warning: renaming non-unique atom C to C10 .
readmol2 warning: renaming non-unique atom C to C11 .
readmol2 warning: renaming non-unique atom C to C12 .
readmol2 warning: renaming non-unique atom C to C13 .
readmol2 warning: renaming non-unique atom C to C14 .
readmol2 warning: renaming non-unique atom C to C15 .
readmol2 warning: renaming non-unique atom C to C16 .
readmol2 warning: renaming non-unique atom C to C17 .
readmol2 warning: renaming non-unique atom C to C18 .
readmol2 warning: renaming non-unique atom C to C19 .
readmol2 warning: renaming non-unique atom C to C20 .
readmol2 warning: renaming non-unique atom H to H1 .
readmol2 warning: renaming non-unique atom H to H2 .
readmol2 warning: renaming non-unique atom H to H3 .
readmol2 warning: renaming non-unique atom H to H4 .
readmol2 warning: renaming non-unique atom H to H5 .
readmol2 warning: renaming non-unique atom H to H6 .
readmol2 warning: renaming non-unique atom H to H7 .
readmol2 warning: renaming non-unique atom H to H8 .
readmol2 warning: renaming non-unique atom H to H9 .
readmol2 warning: renaming non-unique atom H to H10 .
readmol2 warning: renaming non-unique atom H to H11 .
readmol2 warning: renaming non-unique atom H to H12 .
readmol2 warning: renaming non-unique atom H to H13 .
readmol2 warning: renaming non-unique atom H to H14 .
readmol2 warning: renaming non-unique atom N to N1 .
readmol2 warning: renaming non-unique atom N to N2 .
readmol2 warning: renaming non-unique atom N to N3 .
readmol2 warning: renaming non-unique atom N to N4 .
readmol2 warning: renaming non-unique atom O to O1 .
readmol2 warning: renaming non-unique atom O to O2 .
readmol2 warning: renaming non-unique atom O to O3 .
Now processing molecule TOP6 ...
ringper debug: stored 6-membered ring in stage 2.
ringper debug: stored 6-membered ring in stage 2.
ringper debug: stored 6-membered ring in stage 2.
ringper debug: stored 6-membered ring in stage 2.
ringper debug: added anchor for 6-membered ring in stage 2.
ringper debug: added anchor for 6-membered ring in stage 2.
ringper debug: added anchor for 6-membered ring in stage 2.
ringper debug: added anchor for 6-membered ring in stage 2.
ringper debug: stored 6-membered ring in stage 2.
ringper debug: added anchor for 6-membered ring in stage 2.
ringper debug: added anchor for 6-membered ring in stage 2.
ringper debug: added anchor for 6-membered ring in stage 2.
ringper debug: added anchor for 6-membered ring in stage 2.
ringper debug: added anchor for 6-membered ring in stage 2.
ringper debug: added anchor for 6-membered ring in stage 2.
ringper debug: stored 5-membered ring in stage 2.
ringper debug: added anchor for 6-membered ring in stage 2.
ringper debug: stored 6-membered ring in stage 2.
ringper debug: added anchor for 5-membered ring in stage 2.
ringper debug: added anchor for 6-membered ring in stage 2.
ringper debug: added anchor for 5-membered ring in stage 2.
resonance debug: found better resonance chain with
charge 0 ( 0 positive and 0 negative centers) and 1 potential aromatic rings
resonance debug: found perfect resonance chain with
charge 0 ( 0 positive and 0 negative centers) and 0 potential aromatic rings
resonance debug: found perfect resonance chain with
charge 0 ( 0 positive and 0 negative centers) and 0 potential aromatic rings
resonance debug: found perfect resonance chain with
charge 0 ( 0 positive and 0 negative centers) and 0 potential aromatic rings
paranalogy debug: finding analogy for dihedral CG2O1 NG2S1 CG311 CG2R64
paranalogy debug: "smart algorithm" found no matching parameters;
switching to "exhaustive algorithm"
paranalogy debug: finding analogy for dihedral CG2O1 NG2S1 CG311 CG3RC1
paranalogy debug: "smart algorithm" found no matching parameters;
switching to "exhaustive algorithm"
paranalogy debug: finding analogy for dihedral HGP1 NG2S1 CG311 CG2R64
paranalogy debug: "smart algorithm" found no matching parameters;
switching to "exhaustive algorithm"
paranalogy debug: finding analogy for dihedral HGP1 NG2S1 CG311 CG3RC1
paranalogy debug: "smart algorithm" found no matching parameters;
switching to "exhaustive algorithm"
paranalogy debug: finding analogy for dihedral CG2R62 NG2R62 CG2R64 CG311
paranalogy debug: finding analogy for dihedral CG311 NG2R61 CG2R63 CG2R62
paranalogy debug: finding analogy for dihedral CG311 NG2R61 CG2R63 OG2D4
paranalogy debug: finding analogy for NG2R61 CG311
paranalogy debug: finding analogy for dihedral CG2R63 NG2R61 CG311 CG2O1
paranalogy debug: "smart algorithm" found no matching parameters;
switching to "exhaustive algorithm"
paranalogy debug: finding analogy for dihedral CG2R63 NG2R61 CG311 CG321
paranalogy debug: finding analogy for dihedral CG2R63 NG2R61 CG311 HGA1
paranalogy debug: finding analogy for dihedral CG2R64 NG2R61 CG311 CG2O1
paranalogy debug: "smart algorithm" found no matching parameters;
switching to "exhaustive algorithm"
paranalogy debug: finding analogy for dihedral CG2R64 NG2R61 CG311 CG321
paranalogy debug: finding analogy for dihedral CG2R64 NG2R61 CG311 HGA1
paranalogy debug: finding analogy for dihedral CG2R63 NG2R61 CG2R64 CG311
paranalogy debug: "smart algorithm" found no matching parameters;
switching to "exhaustive algorithm"
exhaustive warning: no rule for atom type SEGD1 from parameter file.
paranalogy debug: finding analogy for dihedral CG311 NG2R61 CG2R64 NG2R62
paranalogy debug: finding analogy for dihedral CG311 NG2R61 CG2R64 CG311
paranalogy debug: "smart algorithm" found no matching parameters;
switching to "exhaustive algorithm"
exhaustive warning: no rule for atom type SEGD1 from parameter file.
paranalogy debug: finding analogy for dihedral CG2RC0 NG2R53 CG2R53 CG3RC1
paranalogy debug: "smart algorithm" found no matching parameters;
switching to "exhaustive algorithm"
paranalogy debug: finding analogy for dihedral HGP1 NG2R53 CG2R53 CG3RC1
paranalogy debug: "smart algorithm" found no matching parameters;
switching to "exhaustive algorithm"
paranalogy debug: finding analogy for dihedral HGP1 NG2R53 CG2RC0 CG2RC0
paranalogy debug: "smart algorithm" found no matching parameters;
switching to "exhaustive algorithm"
paranalogy debug: finding analogy for dihedral HGP1 NG2R53 CG2RC0 CG2R61
paranalogy debug: "smart algorithm" found no matching parameters;
switching to "exhaustive algorithm"
paranalogy debug: finding analogy for dihedral NG2S1 CG2O1 CG311 NG2R61
paranalogy debug: finding analogy for dihedral OG2D1 CG2O1 CG311 NG2R61
paranalogy debug: finding analogy for CG311 CG2R64
paranalogy debug: finding analogy for dihedral NG2S1 CG311 CG2R64 NG2R62
paranalogy debug: "smart algorithm" found no matching parameters;
switching to "exhaustive algorithm"
paranalogy debug: finding analogy for dihedral NG2S1 CG311 CG2R64 NG2R61
paranalogy debug: "smart algorithm" found no matching parameters;
switching to "exhaustive algorithm"
paranalogy debug: finding analogy for dihedral CG3RC1 CG311 CG2R64 NG2R62
paranalogy debug: "smart algorithm" found no matching parameters;
switching to "exhaustive algorithm"
paranalogy debug: finding analogy for dihedral CG3RC1 CG311 CG2R64 NG2R61
paranalogy debug: "smart algorithm" found no matching parameters;
switching to "exhaustive algorithm"
paranalogy debug: finding analogy for dihedral HGA1 CG311 CG2R64 NG2R62
paranalogy debug: "smart algorithm" found no matching parameters;
switching to "exhaustive algorithm"
paranalogy debug: finding analogy for dihedral HGA1 CG311 CG2R64 NG2R61
paranalogy debug: "smart algorithm" found no matching parameters;
switching to "exhaustive algorithm"
paranalogy debug: finding analogy for dihedral NG2S1 CG311 CG3RC1 CG321
paranalogy debug: "smart algorithm" found no matching parameters;
switching to "exhaustive algorithm"
paranalogy debug: finding analogy for dihedral NG2S1 CG311 CG3RC1 CG2R53
paranalogy debug: "smart algorithm" found no matching parameters;
switching to "exhaustive algorithm"
paranalogy debug: finding analogy for dihedral NG2S1 CG311 CG3RC1 CG2RC0
paranalogy debug: "smart algorithm" found no matching parameters;
switching to "exhaustive algorithm"
paranalogy debug: finding analogy for dihedral CG2R64 CG311 CG3RC1 CG321
paranalogy debug: "smart algorithm" found no matching parameters;
switching to "exhaustive algorithm"
paranalogy debug: finding analogy for dihedral CG2R64 CG311 CG3RC1 CG2R53
paranalogy debug: "smart algorithm" found no matching parameters;
switching to "exhaustive algorithm"
paranalogy debug: finding analogy for dihedral CG2R64 CG311 CG3RC1 CG2RC0
paranalogy debug: "smart algorithm" found no matching parameters;
switching to "exhaustive algorithm"
paranalogy debug: finding analogy for dihedral HGA1 CG311 CG3RC1 CG321
paranalogy debug: finding analogy for dihedral HGA1 CG311 CG3RC1 CG2R53
paranalogy debug: "smart algorithm" found no matching parameters;
switching to "exhaustive algorithm"
paranalogy debug: finding analogy for dihedral HGA1 CG311 CG3RC1 CG2RC0
paranalogy debug: "smart algorithm" found no matching parameters;
switching to "exhaustive algorithm"
paranalogy debug: finding analogy for dihedral NG2R61 CG311 CG321 CG3RC1
paranalogy debug: "smart algorithm" found no matching parameters;
switching to "exhaustive algorithm"
paranalogy debug: finding analogy for dihedral NG2R61 CG311 CG321 HGA2
paranalogy debug: finding analogy for dihedral CG2O1 CG311 CG321 CG3RC1
paranalogy debug: "smart algorithm" found no matching parameters;
switching to "exhaustive algorithm"
paranalogy debug: finding analogy for dihedral HGA1 CG311 CG321 CG3RC1
paranalogy debug: "smart algorithm" found no matching parameters;
switching to "exhaustive algorithm"
paranalogy debug: finding analogy for dihedral CG311 CG321 CG3RC1 CG311
paranalogy debug: finding analogy for dihedral CG311 CG321 CG3RC1 CG2R53
paranalogy debug: "smart algorithm" found no matching parameters;
switching to "exhaustive algorithm"
paranalogy debug: finding analogy for dihedral CG311 CG321 CG3RC1 CG2RC0
paranalogy debug: "smart algorithm" found no matching parameters;
switching to "exhaustive algorithm"
paranalogy debug: finding analogy for dihedral HGA2 CG321 CG3RC1 CG311
paranalogy debug: finding analogy for dihedral HGA2 CG321 CG3RC1 CG2R53
paranalogy debug: "smart algorithm" found no matching parameters;
switching to "exhaustive algorithm"
paranalogy debug: finding analogy for dihedral HGA2 CG321 CG3RC1 CG2RC0
paranalogy debug: "smart algorithm" found no matching parameters;
switching to "exhaustive algorithm"
paranalogy debug: finding analogy for CG3RC1 CG2R53
paranalogy debug: "smart algorithm" found no matching parameters;
switching to "exhaustive algorithm"
exhaustive warning: no rule for atom type SEGD1 from parameter file.
paranalogy debug: finding analogy for dihedral CG311 CG3RC1 CG2R53 NG2R53
paranalogy debug: "smart algorithm" found no matching parameters;
switching to "exhaustive algorithm"
paranalogy debug: finding analogy for dihedral CG311 CG3RC1 CG2R53 OG2D1
paranalogy debug: "smart algorithm" found no matching parameters;
switching to "exhaustive algorithm"
paranalogy debug: finding analogy for dihedral CG321 CG3RC1 CG2R53 NG2R53
paranalogy debug: "smart algorithm" found no matching parameters;
switching to "exhaustive algorithm"
paranalogy debug: finding analogy for dihedral CG321 CG3RC1 CG2R53 OG2D1
paranalogy debug: "smart algorithm" found no matching parameters;
switching to "exhaustive algorithm"
paranalogy debug: finding analogy for dihedral CG2RC0 CG3RC1 CG2R53 NG2R53
paranalogy debug: "smart algorithm" found no matching parameters;
switching to "exhaustive algorithm"
paranalogy debug: finding analogy for dihedral CG2RC0 CG3RC1 CG2R53 OG2D1
paranalogy debug: "smart algorithm" found no matching parameters;
switching to "exhaustive algorithm"
paranalogy debug: finding analogy for CG3RC1 CG2RC0
paranalogy debug: finding analogy for dihedral CG311 CG3RC1 CG2RC0 CG2RC0
paranalogy debug: "smart algorithm" found no matching parameters;
switching to "exhaustive algorithm"
paranalogy debug: finding analogy for dihedral CG311 CG3RC1 CG2RC0 CG2R61
paranalogy debug: "smart algorithm" found no matching parameters;
switching to "exhaustive algorithm"
paranalogy debug: finding analogy for dihedral CG321 CG3RC1 CG2RC0 CG2RC0
paranalogy debug: "smart algorithm" found no matching parameters;
switching to "exhaustive algorithm"
paranalogy debug: finding analogy for dihedral CG321 CG3RC1 CG2RC0 CG2R61
paranalogy debug: "smart algorithm" found no matching parameters;
switching to "exhaustive algorithm"
paranalogy debug: finding analogy for dihedral CG2R53 CG3RC1 CG2RC0 CG2RC0
paranalogy debug: "smart algorithm" found no matching parameters;
switching to "exhaustive algorithm"
paranalogy debug: finding analogy for dihedral CG2R53 CG3RC1 CG2RC0 CG2R61
paranalogy debug: "smart algorithm" found no matching parameters;
switching to "exhaustive algorithm"
paranalogy debug: finding analogy for dihedral NG2R53 CG2RC0 CG2RC0 CG3RC1
paranalogy debug: "smart algorithm" found no matching parameters;
switching to "exhaustive algorithm"
paranalogy debug: finding analogy for dihedral CG2R61 CG2RC0 CG2RC0 CG3RC1
paranalogy debug: finding analogy for dihedral CG2R61 CG2R61 CG2RC0 CG3RC1
paranalogy debug: finding analogy for dihedral HGR61 CG2R61 CG2RC0 CG3RC1
paranalogy debug: finding analogy for CG311 NG2R61 CG2R63
paranalogy debug: finding analogy for CG2R64 NG2R61 CG311
paranalogy debug: finding analogy for HGP1 NG2R53 CG2RC0
paranalogy debug: "smart algorithm" found no matching parameters;
switching to "exhaustive algorithm"
paranalogy debug: finding analogy for CG2R64 CG311 NG2S1
paranalogy debug: finding analogy for CG3RC1 CG311 NG2S1
paranalogy debug: "smart algorithm" found no matching parameters;
switching to "exhaustive algorithm"
paranalogy debug: finding analogy for CG3RC1 CG311 CG2R64
paranalogy debug: "smart algorithm" found no matching parameters;
switching to "exhaustive algorithm"
paranalogy debug: finding analogy for HGA1 CG311 CG2R64
paranalogy debug: finding analogy for CG311 CG2R64 NG2R62
paranalogy debug: "smart algorithm" found no matching parameters;
switching to "exhaustive algorithm"
paranalogy debug: finding analogy for CG311 CG2R64 NG2R61
paranalogy debug: "smart algorithm" found no matching parameters;
switching to "exhaustive algorithm"
exhaustive warning: no rule for atom type SEGD1 from parameter file.
paranalogy debug: finding analogy for CG2O1 CG311 NG2R61
paranalogy debug: finding analogy for CG321 CG311 NG2R61
paranalogy debug: finding analogy for HGA1 CG311 NG2R61
paranalogy debug: finding analogy for CG3RC1 CG321 CG311
paranalogy debug: finding analogy for CG321 CG3RC1 CG311
paranalogy debug: finding analogy for CG2R53 CG3RC1 CG311
paranalogy debug: "smart algorithm" found no matching parameters;
switching to "exhaustive algorithm"
paranalogy debug: finding analogy for CG2R53 CG3RC1 CG321
paranalogy debug: "smart algorithm" found no matching parameters;
switching to "exhaustive algorithm"
paranalogy debug: finding analogy for CG2RC0 CG3RC1 CG311
paranalogy debug: "smart algorithm" found no matching parameters;
switching to "exhaustive algorithm"
paranalogy debug: finding analogy for CG2RC0 CG3RC1 CG321
paranalogy debug: "smart algorithm" found no matching parameters;
switching to "exhaustive algorithm"
paranalogy debug: finding analogy for CG2RC0 CG3RC1 CG2R53
paranalogy debug: "smart algorithm" found no matching parameters;
switching to "exhaustive algorithm"
paranalogy debug: finding analogy for CG3RC1 CG2R53 NG2R53
paranalogy debug: "smart algorithm" found no matching parameters;
switching to "exhaustive algorithm"
paranalogy debug: finding analogy for OG2D1 CG2R53 CG3RC1
paranalogy debug: "smart algorithm" found no matching parameters;
switching to "exhaustive algorithm"
paranalogy debug: finding analogy for improper CG2R53 CG3RC1 OG2D1 NG2R53
paranalogy debug: "smart algorithm" found no matching parameters;
switching to "exhaustive algorithm"
paranalogy debug: finding analogy for CG2RC0 CG2RC0 CG3RC1
paranalogy debug: "smart algorithm" found no matching parameters;
switching to "exhaustive algorithm"
paranalogy debug: finding analogy for CG2R61 CG2RC0 CG3RC1
paranalogy debug: "smart algorithm" found no matching parameters;
switching to "exhaustive algorithm"
exhaustive warning: no rule for atom type SEGD1 from parameter file.
paranalogy debug: finding analogy for dihedral CG311 NG2S1 CG2O1 CG311
paranalogy debug: finding analogy for dihedral CG2O1 NG2S1 CG311 CG2R64
paranalogy debug: finding analogy for dihedral CG2O1 NG2S1 CG311 CG3RC1
paranalogy debug: "smart algorithm" found no matching parameters;
switching to "exhaustive algorithm"
paranalogy debug: finding analogy for dihedral HGP1 NG2S1 CG311 CG2R64
paranalogy debug: finding analogy for dihedral HGP1 NG2S1 CG311 CG3RC1
paranalogy debug: finding analogy for dihedral CG2R62 NG2R62 CG2R64 CG311
paranalogy debug: finding analogy for dihedral CG311 NG2R61 CG2R63 CG2R62
paranalogy debug: finding analogy for dihedral CG311 NG2R61 CG2R63 OG2D4
paranalogy debug: finding analogy for NG2R61 CG311
paranalogy debug: finding analogy for dihedral CG2R63 NG2R61 CG311 CG2O1
paranalogy debug: "smart algorithm" found no matching parameters;
switching to "exhaustive algorithm"
paranalogy debug: finding analogy for dihedral CG2R63 NG2R61 CG311 CG321
paranalogy debug: finding analogy for dihedral CG2R63 NG2R61 CG311 HGA1
paranalogy debug: finding analogy for dihedral CG2R64 NG2R61 CG311 CG2O1
paranalogy debug: "smart algorithm" found no matching parameters;
switching to "exhaustive algorithm"
paranalogy debug: finding analogy for dihedral CG2R64 NG2R61 CG311 CG321
paranalogy debug: finding analogy for dihedral CG2R64 NG2R61 CG311 HGA1
paranalogy debug: finding analogy for dihedral CG2R63 NG2R61 CG2R64 CG311
paranalogy debug: "smart algorithm" found no matching parameters;
switching to "exhaustive algorithm"
paranalogy debug: finding analogy for dihedral CG311 NG2R61 CG2R64 NG2R62
paranalogy debug: finding analogy for dihedral CG311 NG2R61 CG2R64 CG311
paranalogy debug: "smart algorithm" found no matching parameters;
switching to "exhaustive algorithm"
paranalogy debug: finding analogy for dihedral CG2RC0 NG2R53 CG2R53 CG3RC1
paranalogy debug: "smart algorithm" found no matching parameters;
switching to "exhaustive algorithm"
paranalogy debug: finding analogy for dihedral HGP1 NG2R53 CG2R53 CG3RC1
paranalogy debug: "smart algorithm" found no matching parameters;
switching to "exhaustive algorithm"
paranalogy debug: finding analogy for dihedral HGP1 NG2R53 CG2RC0 CG2RC0
paranalogy debug: "smart algorithm" found no matching parameters;
switching to "exhaustive algorithm"
paranalogy debug: finding analogy for dihedral HGP1 NG2R53 CG2RC0 CG2R61
paranalogy debug: "smart algorithm" found no matching parameters;
switching to "exhaustive algorithm"
paranalogy debug: finding analogy for dihedral NG2S1 CG2O1 CG311 NG2R61
paranalogy debug: finding analogy for dihedral OG2D1 CG2O1 CG311 NG2R61
paranalogy debug: finding analogy for CG311 CG2R64
paranalogy debug: finding analogy for dihedral NG2S1 CG311 CG2R64 NG2R62
paranalogy debug: "smart algorithm" found no matching parameters;
switching to "exhaustive algorithm"
paranalogy debug: finding analogy for dihedral NG2S1 CG311 CG2R64 NG2R61
paranalogy debug: "smart algorithm" found no matching parameters;
switching to "exhaustive algorithm"
paranalogy debug: finding analogy for dihedral CG3RC1 CG311 CG2R64 NG2R62
paranalogy debug: "smart algorithm" found no matching parameters;
switching to "exhaustive algorithm"
paranalogy debug: finding analogy for dihedral CG3RC1 CG311 CG2R64 NG2R61
paranalogy debug: "smart algorithm" found no matching parameters;
switching to "exhaustive algorithm"
paranalogy debug: finding analogy for dihedral HGA1 CG311 CG2R64 NG2R62
paranalogy debug: "smart algorithm" found no matching parameters;
switching to "exhaustive algorithm"
paranalogy debug: finding analogy for dihedral HGA1 CG311 CG2R64 NG2R61
paranalogy debug: "smart algorithm" found no matching parameters;
switching to "exhaustive algorithm"
paranalogy debug: finding analogy for dihedral NG2S1 CG311 CG3RC1 CG321
paranalogy debug: "smart algorithm" found no matching parameters;
switching to "exhaustive algorithm"
paranalogy debug: finding analogy for dihedral NG2S1 CG311 CG3RC1 CG2R53
paranalogy debug: "smart algorithm" found no matching parameters;
switching to "exhaustive algorithm"
paranalogy debug: finding analogy for dihedral NG2S1 CG311 CG3RC1 CG2RC0
paranalogy debug: "smart algorithm" found no matching parameters;
switching to "exhaustive algorithm"
paranalogy debug: finding analogy for dihedral CG2R64 CG311 CG3RC1 CG321
paranalogy debug: "smart algorithm" found no matching parameters;
switching to "exhaustive algorithm"
paranalogy debug: finding analogy for dihedral CG2R64 CG311 CG3RC1 CG2R53
paranalogy debug: "smart algorithm" found no matching parameters;
switching to "exhaustive algorithm"
paranalogy debug: finding analogy for dihedral CG2R64 CG311 CG3RC1 CG2RC0
paranalogy debug: "smart algorithm" found no matching parameters;
switching to "exhaustive algorithm"
paranalogy debug: finding analogy for dihedral HGA1 CG311 CG3RC1 CG321
paranalogy debug: finding analogy for dihedral HGA1 CG311 CG3RC1 CG2R53
paranalogy debug: "smart algorithm" found no matching parameters;
switching to "exhaustive algorithm"
paranalogy debug: finding analogy for dihedral HGA1 CG311 CG3RC1 CG2RC0
paranalogy debug: "smart algorithm" found no matching parameters;
switching to "exhaustive algorithm"
paranalogy debug: finding analogy for dihedral NG2R61 CG311 CG321 CG3RC1
paranalogy debug: "smart algorithm" found no matching parameters;
switching to "exhaustive algorithm"
paranalogy debug: finding analogy for dihedral NG2R61 CG311 CG321 HGA2
paranalogy debug: finding analogy for dihedral NG2R61 CG311 CG321 HGA2
paranalogy debug: finding analogy for dihedral CG2O1 CG311 CG321 CG3RC1
paranalogy debug: "smart algorithm" found no matching parameters;
switching to "exhaustive algorithm"
paranalogy debug: finding analogy for dihedral HGA1 CG311 CG321 CG3RC1
paranalogy debug: finding analogy for dihedral CG311 CG321 CG3RC1 CG311
paranalogy debug: finding analogy for dihedral CG311 CG321 CG3RC1 CG2R53
paranalogy debug: "smart algorithm" found no matching parameters;
switching to "exhaustive algorithm"
paranalogy debug: finding analogy for dihedral CG311 CG321 CG3RC1 CG2RC0
paranalogy debug: "smart algorithm" found no matching parameters;
switching to "exhaustive algorithm"
paranalogy debug: finding analogy for dihedral HGA2 CG321 CG3RC1 CG311
paranalogy debug: finding analogy for dihedral HGA2 CG321 CG3RC1 CG2R53
paranalogy debug: "smart algorithm" found no matching parameters;
switching to "exhaustive algorithm"
paranalogy debug: finding analogy for dihedral HGA2 CG321 CG3RC1 CG2RC0
paranalogy debug: "smart algorithm" found no matching parameters;
switching to "exhaustive algorithm"
paranalogy debug: finding analogy for dihedral HGA2 CG321 CG3RC1 CG311
paranalogy debug: finding analogy for dihedral HGA2 CG321 CG3RC1 CG2R53
paranalogy debug: "smart algorithm" found no matching parameters;
switching to "exhaustive algorithm"
paranalogy debug: finding analogy for dihedral HGA2 CG321 CG3RC1 CG2RC0
paranalogy debug: "smart algorithm" found no matching parameters;
switching to "exhaustive algorithm"
paranalogy debug: finding analogy for CG3RC1 CG2R53
paranalogy debug: "smart algorithm" found no matching parameters;
switching to "exhaustive algorithm"
paranalogy debug: finding analogy for dihedral CG311 CG3RC1 CG2R53 NG2R53
paranalogy debug: "smart algorithm" found no matching parameters;
switching to "exhaustive algorithm"
paranalogy debug: finding analogy for dihedral CG311 CG3RC1 CG2R53 OG2D1
paranalogy debug: "smart algorithm" found no matching parameters;
switching to "exhaustive algorithm"
paranalogy debug: finding analogy for dihedral CG321 CG3RC1 CG2R53 NG2R53
paranalogy debug: "smart algorithm" found no matching parameters;
switching to "exhaustive algorithm"
paranalogy debug: finding analogy for dihedral CG321 CG3RC1 CG2R53 OG2D1
paranalogy debug: "smart algorithm" found no matching parameters;
switching to "exhaustive algorithm"
paranalogy debug: finding analogy for dihedral CG2RC0 CG3RC1 CG2R53 NG2R53
paranalogy debug: "smart algorithm" found no matching parameters;
switching to "exhaustive algorithm"
paranalogy debug: finding analogy for dihedral CG2RC0 CG3RC1 CG2R53 OG2D1
paranalogy debug: "smart algorithm" found no matching parameters;
switching to "exhaustive algorithm"
paranalogy debug: finding analogy for CG3RC1 CG2RC0
paranalogy debug: finding analogy for dihedral CG311 CG3RC1 CG2RC0 CG2RC0
paranalogy debug: "smart algorithm" found no matching parameters;
switching to "exhaustive algorithm"
paranalogy debug: finding analogy for dihedral CG311 CG3RC1 CG2RC0 CG2R61
paranalogy debug: "smart algorithm" found no matching parameters;
switching to "exhaustive algorithm"
paranalogy debug: finding analogy for dihedral CG321 CG3RC1 CG2RC0 CG2RC0
paranalogy debug: "smart algorithm" found no matching parameters;
switching to "exhaustive algorithm"
paranalogy debug: finding analogy for dihedral CG321 CG3RC1 CG2RC0 CG2R61
paranalogy debug: "smart algorithm" found no matching parameters;
switching to "exhaustive algorithm"
paranalogy debug: finding analogy for dihedral CG2R53 CG3RC1 CG2RC0 CG2RC0
paranalogy debug: "smart algorithm" found no matching parameters;
switching to "exhaustive algorithm"
paranalogy debug: finding analogy for dihedral CG2R53 CG3RC1 CG2RC0 CG2R61
paranalogy debug: "smart algorithm" found no matching parameters;
switching to "exhaustive algorithm"
paranalogy debug: finding analogy for dihedral NG2R53 CG2RC0 CG2RC0 CG3RC1
paranalogy debug: "smart algorithm" found no matching parameters;
switching to "exhaustive algorithm"
paranalogy debug: finding analogy for dihedral CG2R61 CG2RC0 CG2RC0 CG3RC1
paranalogy debug: finding analogy for dihedral CG2R61 CG2R61 CG2RC0 CG3RC1
paranalogy debug: finding analogy for dihedral HGR61 CG2R61 CG2RC0 CG3RC1
paranalogy debug: finding analogy for CG311 NG2R61 CG2R63
paranalogy debug: finding analogy for CG2R64 NG2R61 CG311
paranalogy debug: finding analogy for HGP1 NG2R53 CG2RC0
paranalogy debug: "smart algorithm" found no matching parameters;
switching to "exhaustive algorithm"
paranalogy debug: finding analogy for CG2R64 CG311 NG2S1
paranalogy debug: finding analogy for CG3RC1 CG311 NG2S1
paranalogy debug: finding analogy for CG3RC1 CG311 CG2R64
paranalogy debug: "smart algorithm" found no matching parameters;
switching to "exhaustive algorithm"
paranalogy debug: finding analogy for HGA1 CG311 CG2R64
paranalogy debug: finding analogy for CG311 CG2R64 NG2R62
paranalogy debug: "smart algorithm" found no matching parameters;
switching to "exhaustive algorithm"
paranalogy debug: finding analogy for CG311 CG2R64 NG2R61
paranalogy debug: "smart algorithm" found no matching parameters;
switching to "exhaustive algorithm"
paranalogy debug: finding analogy for CG2O1 CG311 NG2R61
paranalogy debug: finding analogy for CG321 CG311 NG2R61
paranalogy debug: finding analogy for HGA1 CG311 NG2R61
paranalogy debug: finding analogy for CG3RC1 CG321 CG311
paranalogy debug: finding analogy for CG321 CG3RC1 CG311
paranalogy debug: finding analogy for CG2R53 CG3RC1 CG311
paranalogy debug: "smart algorithm" found no matching parameters;
switching to "exhaustive algorithm"
paranalogy debug: finding analogy for CG2R53 CG3RC1 CG321
paranalogy debug: "smart algorithm" found no matching parameters;
switching to "exhaustive algorithm"
paranalogy debug: finding analogy for CG2RC0 CG3RC1 CG311
paranalogy debug: "smart algorithm" found no matching parameters;
switching to "exhaustive algorithm"
paranalogy debug: finding analogy for CG2RC0 CG3RC1 CG321
paranalogy debug: "smart algorithm" found no matching parameters;
switching to "exhaustive algorithm"
paranalogy debug: finding analogy for CG2RC0 CG3RC1 CG2R53
paranalogy debug: "smart algorithm" found no matching parameters;
switching to "exhaustive algorithm"
paranalogy debug: finding analogy for CG3RC1 CG2R53 NG2R53
paranalogy debug: "smart algorithm" found no matching parameters;
switching to "exhaustive algorithm"
paranalogy debug: finding analogy for OG2D1 CG2R53 CG3RC1
paranalogy debug: "smart algorithm" found no matching parameters;
switching to "exhaustive algorithm"
paranalogy debug: finding analogy for CG2RC0 CG2RC0 CG3RC1
paranalogy debug: "smart algorithm" found no matching parameters;
switching to "exhaustive algorithm"
paranalogy debug: finding analogy for CG2R61 CG2RC0 CG3RC1
paranalogy debug: "smart algorithm" found no matching parameters;
switching to "exhaustive algorithm"
